0 info it worked if it ends with ok
1 verbose cli [ 'C:\\Program Files\\nodejs\\node.exe',
1 verbose cli   'C:\\Program Files\\nodejs\\node_modules\\npm\\bin\\npm-cli.js',
1 verbose cli   'run',
1 verbose cli   'd',
1 verbose cli   'Bank' ]
2 info using npm@4.1.2
3 info using node@v7.7.4
4 verbose run-script [ 'pred', 'd', 'postd' ]
5 info lifecycle the_basics@1.0.0~pred: the_basics@1.0.0
6 silly lifecycle the_basics@1.0.0~pred: no script for pred, continuing
7 info lifecycle the_basics@1.0.0~d: the_basics@1.0.0
8 verbose lifecycle the_basics@1.0.0~d: unsafe-perm in lifecycle true
9 verbose lifecycle the_basics@1.0.0~d: PATH: C:\Program Files\nodejs\node_modules\npm\bin\node-gyp-bin;C:\Users\Thijs\devGroup\PersonalProjects\WebDev\blockchian\eth\What's Solidity\Bank\node_modules\.bin;C:\Program Files\Git\cmd;C:\ProgramData\Oracle\Java\javapath;C:\Program Files\MongoDB\Server\3.4\bin;C:\Program Files\nodejs;C:\Windows\System32\WindowsPowerShell\v1.0\;C:\Program Files\Geth;C:\Ruby23\bin;C:\Program Files\Ruby23\bin;C:\Users\Thijs\AppData\Roaming\npm
10 verbose lifecycle the_basics@1.0.0~d: CWD: C:\Users\Thijs\devGroup\PersonalProjects\WebDev\blockchian\eth\What's Solidity\Bank
11 silly lifecycle the_basics@1.0.0~d: Args: [ '/d /s /c', 'node deploy.js "Bank"' ]
12 silly lifecycle the_basics@1.0.0~d: Returned: code: 7  signal: null
13 info lifecycle the_basics@1.0.0~d: Failed to exec d script
14 verbose stack Error: the_basics@1.0.0 d: `node deploy.js "Bank"`
14 verbose stack Exit status 7
14 verbose stack     at EventEmitter.<anonymous> (C:\Program Files\nodejs\node_modules\npm\lib\utils\lifecycle.js:279:16)
14 verbose stack     at emitTwo (events.js:106:13)
14 verbose stack     at EventEmitter.emit (events.js:194:7)
14 verbose stack     at ChildProcess.<anonymous> (C:\Program Files\nodejs\node_modules\npm\lib\utils\spawn.js:40:14)
14 verbose stack     at emitTwo (events.js:106:13)
14 verbose stack     at ChildProcess.emit (events.js:194:7)
14 verbose stack     at maybeClose (internal/child_process.js:899:16)
14 verbose stack     at Process.ChildProcess._handle.onexit (internal/child_process.js:226:5)
15 verbose pkgid the_basics@1.0.0
16 verbose cwd C:\Users\Thijs\devGroup\PersonalProjects\WebDev\blockchian\eth\What's Solidity\Bank
17 error Windows_NT 6.1.7601
18 error argv "C:\\Program Files\\nodejs\\node.exe" "C:\\Program Files\\nodejs\\node_modules\\npm\\bin\\npm-cli.js" "run" "d" "Bank"
19 error node v7.7.4
20 error npm  v4.1.2
21 error code ELIFECYCLE
22 error the_basics@1.0.0 d: `node deploy.js "Bank"`
22 error Exit status 7
23 error Failed at the the_basics@1.0.0 d script 'node deploy.js "Bank"'.
23 error Make sure you have the latest version of node.js and npm installed.
23 error If you do, this is most likely a problem with the the_basics package,
23 error not with npm itself.
23 error Tell the author that this fails on your system:
23 error     node deploy.js "Bank"
23 error You can get information on how to open an issue for this project with:
23 error     npm bugs the_basics
23 error Or if that isn't available, you can get their info via:
23 error     npm owner ls the_basics
23 error There is likely additional logging output above.
24 verbose exit [ 1, true ]
